This is pdfeTeX, Version 3.141592-1.21a-2.2 (Web2C 7.5.4) (format=pdflatex 2007.5.10)  21 OCT 2007 20:44
entering extended mode
**e68k.tex
(./e68k.tex
LaTeX2e <2003/12/01>
Babel <v3.8d> and hyphenation patterns for american, french, german, ngerman, b
ahasa, basque, bulgarian, catalan, croatian, czech, danish, dutch, esperanto, e
stonian, finnish, greek, icelandic, irish, italian, latin, magyar, norsk, polis
h, portuges, romanian, russian, serbian, slovak, slovene, spanish, swedish, tur
kish, ukrainian, nohyphenation, loaded.
(/usr/share/texmf-tetex/tex/latex/base/article.cls
Document Class: article 2004/02/16 v1.4f Standard LaTeX document class
(/usr/share/texmf-tetex/tex/latex/base/size11.clo
File: size11.clo 2004/02/16 v1.4f Standard LaTeX file (size option)
)
\c@part=\count79
\c@section=\count80
\c@subsection=\count81
\c@subsubsection=\count82
\c@paragraph=\count83
\c@subparagraph=\count84
\c@figure=\count85
\c@table=\count86
\abovecaptionskip=\skip41
\belowcaptionskip=\skip42
\bibindent=\dimen102
)

! LaTeX Error: File `hyperlatex.sty' not found.

Type X to quit or <RETURN> to proceed,
or enter new name. (Default extension: sty)

Enter file name: 
! Undefined control sequence.
l.13 \htmltitle
               {e68k Online Guide}
? 

! LaTeX Error: Missing \begin{document}.

See the LaTeX manual or LaTeX Companion for explanation.
Type  H <return>  for immediate help.
 ...                                              
                                                  
l.13 \htmltitle{e
                 68k Online Guide}
? 
! Undefined control sequence.
l.14 \htmllevel
               {html3.2}
? 
! Undefined control sequence.
l.15 \htmladdress
                 {\copyright \xlink{Miguel
? 
LaTeX Font Info:    Try loading font information for OMS+cmr on input line 15.
(/usr/share/texmf-tetex/tex/latex/base/omscmr.fd
File: omscmr.fd 1999/05/25 v2.5h Standard LaTeX font definitions
)
LaTeX Font Info:    Font shape `OMS/cmr/m/n' in size <10.95> not available
(Font)              Font shape `OMS/cmsy/m/n' tried instead on input line 15.

! Undefined control sequence.
l.15 \htmladdress{\copyright \xlink
                                   {Miguel
? 
! Undefined control sequence.
l.17 \htmldepth
               {4}
? 
! Undefined control sequence.
l.18 \htmlautomenu
                  {3}
? 
! Undefined control sequence.
l.19 \htmlpanel
               {1}
? 

LaTeX Warning: Unused global option(s):
    [a4].

No file e68k.aux.
\openout1 = `e68k.aux'.

LaTeX Font Info:    Checking defaults for OML/cmm/m/it on input line 44.
LaTeX Font Info:    ... okay on input line 44.
LaTeX Font Info:    Checking defaults for T1/cmr/m/n on input line 44.
LaTeX Font Info:    ... okay on input line 44.
LaTeX Font Info:    Checking defaults for OT1/cmr/m/n on input line 44.
LaTeX Font Info:    ... okay on input line 44.
LaTeX Font Info:    Checking defaults for OMS/cmsy/m/n on input line 44.
LaTeX Font Info:    ... okay on input line 44.
LaTeX Font Info:    Checking defaults for OMX/cmex/m/n on input line 44.
LaTeX Font Info:    ... okay on input line 44.
LaTeX Font Info:    Checking defaults for U/cmr/m/n on input line 44.
LaTeX Font Info:    ... okay on input line 44.
[1

{/var/lib/texmf/fonts/map/pdftex/updmap/pdftex.map}]
LaTeX Font Info:    External font `cmex10' loaded for size
(Font)              <12> on input line 45.
LaTeX Font Info:    External font `cmex10' loaded for size
(Font)              <8> on input line 45.
LaTeX Font Info:    External font `cmex10' loaded for size
(Font)              <6> on input line 45.


LaTeX Warning: Citation `Toma91' on page 2 undefined on input line 57.

! Undefined control sequence.
l.60 \xlink
           {sources of \esek}{e68k.tgz}
? 
[2] [3] [4]

LaTeX Warning: Citation `HarmL85' on page 5 undefined on input line 208.

[5]
Overfull \hbox (0.20287pt too wide) in paragraph at lines 226--230
[]\OT1/cmr/m/n/10.95 A very few MC68000 in-struc-tions were not
 []

LaTeX Font Info:    External font `cmex10' loaded for size
(Font)              <10.95> on input line 238.
[6] [7]
! Undefined control sequence.
l.314 \xlink
            {header file}{e68k.h.txt}
? 
[8] [9] (./e68k.aux)

LaTeX Warning: There were undefined references.


LaTeX Warning: Label(s) may have changed. Rerun to get cross-references right.

 ) 
Here is how much of TeX's memory you used:
 271 strings out of 94500
 2981 string characters out of 1175788
 51348 words of memory out of 1000000
 3509 multiletter control sequences out of 10000+50000
 9493 words of font info for 34 fonts, out of 500000 for 2000
 580 hyphenation exceptions out of 8191
 21i,7n,19p,121b,266s stack positions out of 1500i,500n,5000p,200000b,5000s
PDF statistics:
 53 PDF objects out of 300000
 0 named destinations out of 131072
 1 words of extra memory for PDF output out of 65536
</usr/share/texmf-tetex/fonts/type1/bluesky/cm/cmti10.pfb></usr/share/texmf-t
etex/fonts/type1/bluesky/cm/cmbx10.pfb></usr/share/texmf-tetex/fonts/type1/blue
sky/cm/cmbx12.pfb></usr/share/texmf-tetex/fonts/type1/bluesky/cm/cmtt10.pfb></u
sr/share/texmf-tetex/fonts/type1/bluesky/cm/cmr12.pfb></usr/share/texmf-tetex/f
onts/type1/bluesky/cm/cmr17.pfb></usr/share/texmf-tetex/fonts/type1/bluesky/cm/
cmsy10.pfb></usr/share/texmf-tetex/fonts/type1/bluesky/cm/cmr10.pfb>
Output written on e68k.pdf (9 pages, 90338 bytes).
